[debug] [2021-02-07T17:53:25.566Z] ----------------------------------------------------------------------
[debug] [2021-02-07T17:53:25.567Z] Command:       /usr/local/bin/firebase /Users/jennyjiang/.cache/firebase/tools/lib/node_modules/firebase-tools/lib/bin/firebase init
[debug] [2021-02-07T17:53:25.567Z] CLI Version:   9.3.0
[debug] [2021-02-07T17:53:25.567Z] Platform:      darwin
[debug] [2021-02-07T17:53:25.568Z] Node Version:  v12.18.1
[debug] [2021-02-07T17:53:25.568Z] Time:          Mon Feb 08 2021 01:53:25 GMT+0800 (China Standard Time)
[debug] [2021-02-07T17:53:25.568Z] ----------------------------------------------------------------------
[debug] [2021-02-07T17:53:25.568Z] 
[debug] [2021-02-07T17:53:25.572Z] > command requires scopes: ["email","openid","https://www.googleapis.com/auth/cloudplatformprojects.readonly","https://www.googleapis.com/auth/firebase","https://www.googleapis.com/auth/cloud-platform"]
[debug] [2021-02-07T17:53:25.572Z] > authorizing via signed-in user
[info] 
     ######## #### ########  ######## ########     ###     ######  ########
     ##        ##  ##     ## ##       ##     ##  ##   ##  ##       ##
     ######    ##  ########  ######   ########  #########  ######  ######
     ##        ##  ##    ##  ##       ##     ## ##     ##       ## ##
     ##       #### ##     ## ######## ########  ##     ##  ######  ########

You're about to initialize a Firebase project in this directory:

  /Users/jennyjiang/Desktop/portoflio personal website/shangjun-jiang

[info] 
=== Project Setup
[info] 
[info] First, let's associate this project directory with a Firebase project.
[info] You can create multiple project aliases by running firebase use --add, 
[info] but for now we'll just set up a default project.
[info] 
[debug] [2021-02-07T17:53:34.165Z] > refreshing access token with scopes: []
[debug] [2021-02-07T17:53:34.165Z] >>> HTTP REQUEST POST https://www.googleapis.com/oauth2/v3/token  
 <request body omitted>
[debug] [2021-02-07T17:53:35.860Z] <<< HTTP RESPONSE 200 {"expires":"Mon, 01 Jan 1990 00:00:00 GMT","date":"Sun, 07 Feb 2021 17:53:35 GMT","pragma":"no-cache","cache-control":"no-cache, no-store, max-age=0, must-revalidate","content-type":"application/json; charset=utf-8","vary":"X-Origin, Referer, Origin,Accept-Encoding","server":"scaffolding on HTTPServer2","x-xss-protection":"0","x-frame-options":"SAMEORIGIN","x-content-type-options":"nosniff","alt-svc":"h3-29=\":443\"; ma=2592000,h3-T051=\":443\"; ma=2592000,h3-Q050=\":443\"; ma=2592000,h3-Q046=\":443\"; ma=2592000,h3-Q043=\":443\"; ma=2592000,quic=\":443\"; ma=2592000; v=\"46,43\"","accept-ranges":"none","transfer-encoding":"chunked"}
[debug] [2021-02-07T17:53:35.875Z] >>> [apiv2][query] GET https://firebase.googleapis.com/v1beta1/projects pageSize=100
[debug] [2021-02-07T17:53:37.490Z] <<< [apiv2][status] GET https://firebase.googleapis.com/v1beta1/projects 200
[debug] [2021-02-07T17:53:37.490Z] <<< [apiv2][body] GET https://firebase.googleapis.com/v1beta1/projects [omitted]
[info] i  Using project personal-website-bc57d (personal website) 
[info] 
=== Hosting Setup
[info] 
[info] Your public directory is the folder (relative to your project directory) that
[info] will contain Hosting assets to be uploaded with firebase deploy. If you
[info] have a build process for your assets, use your build's output directory.
[info] 
[debug] [2021-02-07T17:54:07.248Z] >>> [apiv2][query] GET https://www.gstatic.com/firebasejs/releases.json [none]
[debug] [2021-02-07T17:54:08.796Z] <<< [apiv2][status] GET https://www.gstatic.com/firebasejs/releases.json 200
[debug] [2021-02-07T17:54:08.796Z] <<< [apiv2][body] GET https://www.gstatic.com/firebasejs/releases.json {"current":{"version":"8.2.6","browserURL":"https://www.gstatic.com/firebasejs/8.2.6/firebase.js","packageURL":"https://www.gstatic.com/firebasejs/8.2.6/firebase.tgz"},"live":{"version":"8.2","browserURL":"https://www.gstatic.com/firebasejs/live/8.2/firebase.js","packageURL":"https://www.gstatic.com/firebasejs/live/8.2/firebase.tgz"},"components":{"analytics":"https://www.gstatic.com/firebasejs/8.2.6/firebase-analytics.js","app":"https://www.gstatic.com/firebasejs/8.2.6/firebase-app.js","auth":"https://www.gstatic.com/firebasejs/8.2.6/firebase-auth.js","database":"https://www.gstatic.com/firebasejs/8.2.6/firebase-database.js","firestore":"https://www.gstatic.com/firebasejs/8.2.6/firebase-firestore.js","functions":"https://www.gstatic.com/firebasejs/8.2.6/firebase-functions.js","installations":"https://www.gstatic.com/firebasejs/8.2.6/firebase-installations.js","messaging":"https://www.gstatic.com/firebasejs/8.2.6/firebase-messaging.js","storage":"https://www.gstatic.com/firebasejs/8.2.6/firebase-storage.js","performance":"https://www.gstatic.com/firebasejs/8.2.6/firebase-performance.js","remote-config":"https://www.gstatic.com/firebasejs/8.2.6/firebase-remote-config.js","firestore.memory":"https://www.gstatic.com/firebasejs/8.2.6/firebase-firestore.memory.js"}}
[info] ✔  Wrote public/index.html 
[info] 
[info] i  Didn't detect a .git folder. Assuming /Users/jennyjiang/Desktop/portoflio personal website/shangjun-jiang is the project root. 
[info] i  Authorizing with GitHub to upload your service account to a GitHub repository's secrets store. 
[info] 
[info] Visit this URL on this device to log in:
[info] https://github.com/login/oauth/authorize?client_id=89cf50f02ac6aaed3484&state=217739652&redirect_uri=http%3A%2F%2Flocalhost%3A9005&scope=read%3Auser%20repo%20public_repo
[info] 
[info] Waiting for authentication...
[debug] [2021-02-07T17:55:32.699Z] >>> HTTP REQUEST POST https://github.com/login/oauth/access_token  
 {"client_id":"89cf50f02ac6aaed3484","client_secret":"3330d14abc895d9a74d5f17cd7a00711fa2c5bf0","code":"45d6f18ac8596d1004a9","redirect_uri":"http://localhost:9005","state":"217739652"}
[debug] [2021-02-07T17:55:33.380Z] <<< HTTP RESPONSE 200 {"server":"GitHub.com","date":"Sun, 07 Feb 2021 17:55:33 GMT","content-type":"application/json; charset=utf-8","transfer-encoding":"chunked","vary":"X-PJAX, Accept-Encoding, Accept, X-Requested-With","etag":"W/\"92d33be0a5101d6eafda8881144b0e7e\"","cache-control":"max-age=0, private, must-revalidate","strict-transport-security":"max-age=31536000; includeSubdomains; preload","x-frame-options":"deny","x-content-type-options":"nosniff","x-xss-protection":"1; mode=block","referrer-policy":"origin-when-cross-origin, strict-origin-when-cross-origin","expect-ct":"max-age=2592000, report-uri=\"https://api.github.com/_private/browser/errors\"","content-security-policy":"default-src 'none'; base-uri 'self'; block-all-mixed-content; connect-src 'self' uploads.github.com www.githubstatus.com collector.githubapp.com api.github.com github-cloud.s3.amazonaws.com github-production-repository-file-5c1aeb.s3.amazonaws.com github-production-upload-manifest-file-7fdce7.s3.amazonaws.com github-production-user-asset-6210df.s3.amazonaws.com cdn.optimizely.com logx.optimizely.com/v1/events wss://alive.github.com; font-src github.githubassets.com; form-action 'self' github.com gist.github.com; frame-ancestors 'none'; frame-src render.githubusercontent.com; img-src 'self' data: github.githubassets.com identicons.github.com collector.githubapp.com github-cloud.s3.amazonaws.com *.githubusercontent.com; manifest-src 'self'; media-src 'none'; script-src github.githubassets.com; style-src 'unsafe-inline' github.githubassets.com; worker-src github.com/socket-worker-5029ae85.js gist.github.com/socket-worker-5029ae85.js","x-github-request-id":"64F4:69B0:1E55322:2A2CBBC:60202994"}
[debug] [2021-02-07T17:55:33.380Z] >>> [apiv2][query] GET https://api.github.com/user [none]
[debug] [2021-02-07T17:55:39.088Z] <<< [apiv2][status] GET https://api.github.com/user 200
[debug] [2021-02-07T17:55:39.088Z] <<< [apiv2][body] GET https://api.github.com/user {"login":"jennyjiang95","id":9144580,"node_id":"MDQ6VXNlcjkxNDQ1ODA=","avatar_url":"https://avatars.githubusercontent.com/u/9144580?v=4","gravatar_id":"","url":"https://api.github.com/users/jennyjiang95","html_url":"https://github.com/jennyjiang95","followers_url":"https://api.github.com/users/jennyjiang95/followers","following_url":"https://api.github.com/users/jennyjiang95/following{/other_user}","gists_url":"https://api.github.com/users/jennyjiang95/gists{/gist_id}","starred_url":"https://api.github.com/users/jennyjiang95/starred{/owner}{/repo}","subscriptions_url":"https://api.github.com/users/jennyjiang95/subscriptions","organizations_url":"https://api.github.com/users/jennyjiang95/orgs","repos_url":"https://api.github.com/users/jennyjiang95/repos","events_url":"https://api.github.com/users/jennyjiang95/events{/privacy}","received_events_url":"https://api.github.com/users/jennyjiang95/received_events","type":"User","site_admin":false,"name":"shangjunj","company":null,"blog":"","location":null,"email":null,"hireable":null,"bio":null,"twitter_username":null,"public_repos":15,"public_gists":0,"followers":4,"following":28,"created_at":"2014-10-11T00:50:48Z","updated_at":"2021-02-07T17:55:03Z","private_gists":0,"total_private_repos":9,"owned_private_repos":8,"disk_usage":233330,"collaborators":4,"two_factor_authentication":true,"plan":{"name":"pro","space":976562499,"collaborators":0,"private_repos":9999}}
[info] 
[info] ✔  Success! Logged into GitHub as jennyjiang95 
[info] 
